Start testing: Oct 10 22:10 EDT
----------------------------------------------------------
1/6 Testing: TutorialRuns
1/6 Test: TutorialRuns
Command: "/home/mc/cmake/src/Tutorial" "25"
Directory: /home/mc/cmake/src
"TutorialRuns" start time: Oct 10 22:10 EDT
Output:
----------------------------------------------------------
The square root of 25 is 5
<end of output>
Test time =   0.00 sec
----------------------------------------------------------
Test Passed.
"TutorialRuns" end time: Oct 10 22:10 EDT
"TutorialRuns" time elapsed: 00:00:00
----------------------------------------------------------

2/6 Testing: TutorialComp25
2/6 Test: TutorialComp25
Command: "/home/mc/cmake/src/Tutorial" "25"
Directory: /home/mc/cmake/src
"TutorialComp25" start time: Oct 10 22:10 EDT
Output:
----------------------------------------------------------
The square root of 25 is 5
<end of output>
Test time =   0.00 sec
----------------------------------------------------------
Test Pass Reason:
Required regular expression found.Regex=[25 is 5
]
"TutorialComp25" end time: Oct 10 22:10 EDT
"TutorialComp25" time elapsed: 00:00:00
----------------------------------------------------------

3/6 Testing: TutorialNegative
3/6 Test: TutorialNegative
Command: "/home/mc/cmake/src/Tutorial" "-25"
Directory: /home/mc/cmake/src
"TutorialNegative" start time: Oct 10 22:10 EDT
Output:
----------------------------------------------------------
The square root of -25 is 0
<end of output>
Test time =   0.00 sec
----------------------------------------------------------
Test Pass Reason:
Required regular expression found.Regex=[-25 is 0
]
"TutorialNegative" end time: Oct 10 22:10 EDT
"TutorialNegative" time elapsed: 00:00:00
----------------------------------------------------------

4/6 Testing: TutorialSmall
4/6 Test: TutorialSmall
Command: "/home/mc/cmake/src/Tutorial" "0.0001"
Directory: /home/mc/cmake/src
"TutorialSmall" start time: Oct 10 22:10 EDT
Output:
----------------------------------------------------------
The square root of 0.0001 is 0.01
<end of output>
Test time =   0.00 sec
----------------------------------------------------------
Test Pass Reason:
Required regular expression found.Regex=[0.0001 is 0.01
]
"TutorialSmall" end time: Oct 10 22:10 EDT
"TutorialSmall" time elapsed: 00:00:00
----------------------------------------------------------

5/6 Testing: TutorialUsage
5/6 Test: TutorialUsage
Command: "/home/mc/cmake/src/Tutorial"
Directory: /home/mc/cmake/src
"TutorialUsage" start time: Oct 10 22:10 EDT
Output:
----------------------------------------------------------
/home/mc/cmake/src/Tutorial Version 1.0
Usage: /home/mc/cmake/src/Tutorial number
<end of output>
Test time =   0.00 sec
----------------------------------------------------------
Test Pass Reason:
Required regular expression found.Regex=[Usage:.*number
]
"TutorialUsage" end time: Oct 10 22:10 EDT
"TutorialUsage" time elapsed: 00:00:00
----------------------------------------------------------

6/6 Testing: TutorialComp-25
6/6 Test: TutorialComp-25
Command: "/home/mc/cmake/src/Tutorial" "-25"
Directory: /home/mc/cmake/src
"TutorialComp-25" start time: Oct 10 22:10 EDT
Output:
----------------------------------------------------------
The square root of -25 is 0
<end of output>
Test time =   0.00 sec
----------------------------------------------------------
Test Pass Reason:
Required regular expression found.Regex=[-25 is 0
]
"TutorialComp-25" end time: Oct 10 22:10 EDT
"TutorialComp-25" time elapsed: 00:00:00
----------------------------------------------------------

End testing: Oct 10 22:10 EDT
